<?xml version="1.0" encoding="UTF-8"?>
<!-- Generated by org.testng.reporters.JUnitReportReporter -->
<testsuite hostname="LAPTOP-TT0J1S1G" failures="0" tests="2" name="login" time="18.986" errors="0" timestamp="2025-02-17T11:30:44 IST" skipped="0">
  <testcase classname="login" name="validlogin" time="10.591"/>
  <system-out/>
  <testcase classname="login" name="invalidLogin" time="8.395"/>
  <system-out/>
</testsuite> <!-- login -->
