<?xml version="1.0" encoding="UTF-8"?>
<!-- Generated by org.testng.reporters.JUnitReportReporter -->
<testsuite hostname="LAPTOP-TT0J1S1G" failures="0" tests="5" name="ActionsSelenium" time="4.911" errors="0" timestamp="2025-02-10T18:16:59 IST" skipped="0">
  <testcase classname="ActionsSelenium" name="dragAndDrop" time="2.069"/>
  <system-out/>
  <testcase classname="ActionsSelenium" name="mousehover" time="2.026"/>
  <system-out/>
  <testcase classname="ActionsSelenium" name="rightClick" time="0.188"/>
  <system-out/>
  <testcase classname="ActionsSelenium" name="doubleClick" time="0.201"/>
  <system-out/>
  <testcase classname="ActionsSelenium" name="keyboardAction" time="0.427"/>
  <system-out/>
</testsuite> <!-- ActionsSelenium -->
